[2025-08-17 01:59:36Z INFO HostContext] No proxy settings were found based on environmental variables (http_proxy/https_proxy/HTTP_PROXY/HTTPS_PROXY)
[2025-08-17 01:59:36Z INFO HostContext] Well known directory 'Bin': 'E:\Github\ProjectSoftware\actions-runner\actions-runner\bin'
[2025-08-17 01:59:36Z INFO HostContext] Well known directory 'Root': 'E:\Github\ProjectSoftware\actions-runner\actions-runner'
[2025-08-17 01:59:36Z INFO HostContext] Well known config file 'Credentials': 'E:\Github\ProjectSoftware\actions-runner\actions-runner\.credentials'
[2025-08-17 01:59:36Z INFO HostContext] Well known directory 'Bin': 'E:\Github\ProjectSoftware\actions-runner\actions-runner\bin'
[2025-08-17 01:59:36Z INFO HostContext] Well known directory 'Root': 'E:\Github\ProjectSoftware\actions-runner\actions-runner'
[2025-08-17 01:59:36Z INFO HostContext] Well known config file 'Runner': 'E:\Github\ProjectSoftware\actions-runner\actions-runner\.runner'
[2025-08-17 01:59:36Z INFO Listener] Runner is built for Windows (X64) - win-x64.
[2025-08-17 01:59:36Z INFO Listener] RuntimeInformation: Microsoft Windows 10.0.26100.
[2025-08-17 01:59:36Z INFO Listener] Version: 2.328.0
[2025-08-17 01:59:36Z INFO Listener] Commit: 6f9a9110adce65f44ca6f7c0ae142b9cc6af937b
[2025-08-17 01:59:36Z INFO Listener] Culture: en-AU
[2025-08-17 01:59:36Z INFO Listener] UI Culture: en-US
[2025-08-17 01:59:36Z INFO HostContext] Well known directory 'Bin': 'E:\Github\ProjectSoftware\actions-runner\actions-runner\bin'
[2025-08-17 01:59:36Z INFO HostContext] Well known directory 'Root': 'E:\Github\ProjectSoftware\actions-runner\actions-runner'
[2025-08-17 01:59:36Z INFO Listener] Validating directory permissions for: 'E:\Github\ProjectSoftware\actions-runner\actions-runner'
[2025-08-17 01:59:36Z INFO CommandLineParser] Parse
[2025-08-17 01:59:36Z INFO CommandLineParser] Parsing 5 args
[2025-08-17 01:59:36Z INFO CommandLineParser] parsing argument
[2025-08-17 01:59:36Z INFO CommandLineParser] HasArgs: False
[2025-08-17 01:59:36Z INFO CommandLineParser] Adding Command: configure
[2025-08-17 01:59:36Z INFO CommandLineParser] parsing argument
[2025-08-17 01:59:36Z INFO CommandLineParser] HasArgs: True
[2025-08-17 01:59:36Z INFO CommandLineParser] arg: url
[2025-08-17 01:59:36Z INFO CommandLineParser] parsing argument
[2025-08-17 01:59:36Z INFO CommandLineParser] HasArgs: True
[2025-08-17 01:59:36Z INFO CommandLineParser] Adding option 'url': 'https://github.com/ZihanRashid666/ProjectSoftware'
[2025-08-17 01:59:36Z INFO CommandLineParser] parsing argument
[2025-08-17 01:59:36Z INFO CommandLineParser] HasArgs: True
[2025-08-17 01:59:36Z INFO CommandLineParser] arg: token
[2025-08-17 01:59:36Z INFO CommandLineParser] parsing argument
[2025-08-17 01:59:36Z INFO CommandLineParser] HasArgs: True
[2025-08-17 01:59:36Z INFO CommandLineParser] Adding option 'token': '***'
[2025-08-17 01:59:36Z INFO Listener] Arguments parsed
[2025-08-17 01:59:37Z INFO Runner] ExecuteCommand
[2025-08-17 01:59:37Z INFO ConfigurationStore] currentAssemblyLocation: E:\Github\ProjectSoftware\actions-runner\actions-runner\bin\Runner.Listener.dll
[2025-08-17 01:59:37Z INFO HostContext] Well known directory 'Bin': 'E:\Github\ProjectSoftware\actions-runner\actions-runner\bin'
[2025-08-17 01:59:37Z INFO ConfigurationStore] binPath: E:\Github\ProjectSoftware\actions-runner\actions-runner\bin
[2025-08-17 01:59:37Z INFO HostContext] Well known directory 'Bin': 'E:\Github\ProjectSoftware\actions-runner\actions-runner\bin'
[2025-08-17 01:59:37Z INFO HostContext] Well known directory 'Root': 'E:\Github\ProjectSoftware\actions-runner\actions-runner'
[2025-08-17 01:59:37Z INFO ConfigurationStore] RootFolder: E:\Github\ProjectSoftware\actions-runner\actions-runner
[2025-08-17 01:59:37Z INFO HostContext] Well known directory 'Bin': 'E:\Github\ProjectSoftware\actions-runner\actions-runner\bin'
[2025-08-17 01:59:37Z INFO HostContext] Well known directory 'Root': 'E:\Github\ProjectSoftware\actions-runner\actions-runner'
[2025-08-17 01:59:37Z INFO HostContext] Well known config file 'Runner': 'E:\Github\ProjectSoftware\actions-runner\actions-runner\.runner'
[2025-08-17 01:59:37Z INFO ConfigurationStore] ConfigFilePath: E:\Github\ProjectSoftware\actions-runner\actions-runner\.runner
[2025-08-17 01:59:37Z INFO HostContext] Well known directory 'Bin': 'E:\Github\ProjectSoftware\actions-runner\actions-runner\bin'
[2025-08-17 01:59:37Z INFO HostContext] Well known directory 'Root': 'E:\Github\ProjectSoftware\actions-runner\actions-runner'
[2025-08-17 01:59:37Z INFO HostContext] Well known config file 'MigratedRunner': 'E:\Github\ProjectSoftware\actions-runner\actions-runner\.runner_migrated'
[2025-08-17 01:59:37Z INFO ConfigurationStore] MigratedConfigFilePath: E:\Github\ProjectSoftware\actions-runner\actions-runner\.runner_migrated
[2025-08-17 01:59:37Z INFO HostContext] Well known directory 'Bin': 'E:\Github\ProjectSoftware\actions-runner\actions-runner\bin'
[2025-08-17 01:59:37Z INFO HostContext] Well known directory 'Root': 'E:\Github\ProjectSoftware\actions-runner\actions-runner'
[2025-08-17 01:59:37Z INFO HostContext] Well known config file 'Credentials': 'E:\Github\ProjectSoftware\actions-runner\actions-runner\.credentials'
[2025-08-17 01:59:37Z INFO ConfigurationStore] CredFilePath: E:\Github\ProjectSoftware\actions-runner\actions-runner\.credentials
[2025-08-17 01:59:37Z INFO HostContext] Well known directory 'Bin': 'E:\Github\ProjectSoftware\actions-runner\actions-runner\bin'
[2025-08-17 01:59:37Z INFO HostContext] Well known directory 'Root': 'E:\Github\ProjectSoftware\actions-runner\actions-runner'
[2025-08-17 01:59:37Z INFO HostContext] Well known config file 'MigratedCredentials': 'E:\Github\ProjectSoftware\actions-runner\actions-runner\.credentials_migrated'
[2025-08-17 01:59:37Z INFO ConfigurationStore] MigratedCredFilePath: E:\Github\ProjectSoftware\actions-runner\actions-runner\.credentials_migrated
[2025-08-17 01:59:37Z INFO HostContext] Well known directory 'Bin': 'E:\Github\ProjectSoftware\actions-runner\actions-runner\bin'
[2025-08-17 01:59:37Z INFO HostContext] Well known directory 'Root': 'E:\Github\ProjectSoftware\actions-runner\actions-runner'
[2025-08-17 01:59:37Z INFO HostContext] Well known config file 'Service': 'E:\Github\ProjectSoftware\actions-runner\actions-runner\.service'
[2025-08-17 01:59:37Z INFO ConfigurationStore] ServiceConfigFilePath: E:\Github\ProjectSoftware\actions-runner\actions-runner\.service
[2025-08-17 01:59:37Z INFO CommandSettings] Flag 'help': 'False'
[2025-08-17 01:59:37Z INFO CommandSettings] Flag 'version': 'False'
[2025-08-17 01:59:37Z INFO CommandSettings] Flag 'commit': 'False'
[2025-08-17 01:59:37Z INFO CommandSettings] Flag 'check': 'False'
[2025-08-17 01:59:37Z INFO CommandSettings] Command 'configure': 'True'
[2025-08-17 01:59:37Z INFO Terminal] WRITE LINE: 
[2025-08-17 01:59:37Z INFO Terminal] WRITE LINE: --------------------------------------------------------------------------------
[2025-08-17 01:59:37Z INFO Terminal] WRITE LINE: |        ____ _ _   _   _       _          _        _   _                      |
[2025-08-17 01:59:37Z INFO Terminal] WRITE LINE: |       / ___(_) |_| | | |_   _| |__      / \   ___| |_(_) ___  _ __  ___      |
[2025-08-17 01:59:37Z INFO Terminal] WRITE LINE: |      | |  _| | __| |_| | | | | '_ \    / _ \ / __| __| |/ _ \| '_ \/ __|     |
[2025-08-17 01:59:37Z INFO Terminal] WRITE LINE: |      | |_| | | |_|  _  | |_| | |_) |  / ___ \ (__| |_| | (_) | | | \__ \     |
[2025-08-17 01:59:37Z INFO Terminal] WRITE LINE: |       \____|_|\__|_| |_|\__,_|_.__/  /_/   \_\___|\__|_|\___/|_| |_|___/     |
[2025-08-17 01:59:37Z INFO Terminal] WRITE LINE: |                                                                              |
[2025-08-17 01:59:37Z INFO Terminal] WRITE: |                       
[2025-08-17 01:59:37Z INFO Terminal] WRITE: Self-hosted runner registration
[2025-08-17 01:59:37Z INFO Terminal] WRITE LINE:                         |
[2025-08-17 01:59:37Z INFO Terminal] WRITE LINE: |                                                                              |
[2025-08-17 01:59:37Z INFO Terminal] WRITE LINE: --------------------------------------------------------------------------------
[2025-08-17 01:59:37Z INFO ConfigurationManager] ConfigureAsync
[2025-08-17 01:59:37Z INFO CommandSettings] Flag 'generateServiceConfig': 'False'
[2025-08-17 01:59:37Z INFO ConfigurationStore] IsConfigured()
[2025-08-17 01:59:37Z INFO ConfigurationStore] IsConfigured: False
[2025-08-17 01:59:37Z INFO ConfigurationManager] Is configured: False
[2025-08-17 01:59:37Z INFO CommandSettings] Arg 'url': 'https://github.com/ZihanRashid666/ProjectSoftware'
[2025-08-17 01:59:37Z INFO CommandSettings] Remove url from Arg dictionary.
[2025-08-17 01:59:37Z INFO CommandSettings] Arg 'token': '***'
[2025-08-17 01:59:37Z INFO CommandSettings] Remove token from Arg dictionary.
[2025-08-17 01:59:39Z ERR  Terminal] WRITE ERROR: Http response code: NotFound from 'POST https://api.github.com/actions/runner-registration' (Request Id: C3C9:308596:DDD9E5:10A02B3:68A13789)
[2025-08-17 01:59:39Z ERR  Terminal] WRITE ERROR: {"message":"Not Found","documentation_url":"https://docs.github.com/rest","status":"404"}
[2025-08-17 01:59:39Z ERR  Runner] System.Net.Http.HttpRequestException: Response status code does not indicate success: 404 (Not Found).
   at System.Net.Http.HttpResponseMessage.EnsureSuccessStatusCode()
   at GitHub.Runner.Listener.Configuration.ConfigurationManager.GetTenantCredential(String githubUrl, String githubToken, String runnerEvent)
   at GitHub.Runner.Listener.Configuration.ConfigurationManager.ConfigureAsync(CommandSettings command)
   at GitHub.Runner.Listener.Runner.ExecuteCommand(CommandSettings command)
[2025-08-17 01:59:39Z ERR  Terminal] WRITE ERROR: Response status code does not indicate success: 404 (Not Found).
[2025-08-17 01:59:39Z INFO Listener] Runner execution has finished with return code 1
