[2025-08-17 02:13:02Z INFO HostContext] No proxy settings were found based on environmental variables (http_proxy/https_proxy/HTTP_PROXY/HTTPS_PROXY)
[2025-08-17 02:13:02Z INFO HostContext] Well known directory 'Bin': 'E:\Github\ProjectSoftware\actions-runner\actions-runner\bin'
[2025-08-17 02:13:02Z INFO HostContext] Well known directory 'Root': 'E:\Github\ProjectSoftware\actions-runner\actions-runner'
[2025-08-17 02:13:02Z INFO HostContext] Well known config file 'Credentials': 'E:\Github\ProjectSoftware\actions-runner\actions-runner\.credentials'
[2025-08-17 02:13:02Z INFO HostContext] Well known directory 'Bin': 'E:\Github\ProjectSoftware\actions-runner\actions-runner\bin'
[2025-08-17 02:13:02Z INFO HostContext] Well known directory 'Root': 'E:\Github\ProjectSoftware\actions-runner\actions-runner'
[2025-08-17 02:13:02Z INFO HostContext] Well known config file 'Runner': 'E:\Github\ProjectSoftware\actions-runner\actions-runner\.runner'
[2025-08-17 02:13:02Z INFO Listener] Runner is built for Windows (X64) - win-x64.
[2025-08-17 02:13:02Z INFO Listener] RuntimeInformation: Microsoft Windows 10.0.26100.
[2025-08-17 02:13:02Z INFO Listener] Version: 2.328.0
[2025-08-17 02:13:02Z INFO Listener] Commit: 6f9a9110adce65f44ca6f7c0ae142b9cc6af937b
[2025-08-17 02:13:02Z INFO Listener] Culture: en-AU
[2025-08-17 02:13:02Z INFO Listener] UI Culture: en-US
[2025-08-17 02:13:02Z INFO HostContext] Well known directory 'Bin': 'E:\Github\ProjectSoftware\actions-runner\actions-runner\bin'
[2025-08-17 02:13:02Z INFO HostContext] Well known directory 'Root': 'E:\Github\ProjectSoftware\actions-runner\actions-runner'
[2025-08-17 02:13:02Z INFO Listener] Validating directory permissions for: 'E:\Github\ProjectSoftware\actions-runner\actions-runner'
[2025-08-17 02:13:02Z INFO CommandLineParser] Parse
[2025-08-17 02:13:02Z INFO CommandLineParser] Parsing 1 args
[2025-08-17 02:13:02Z INFO CommandLineParser] parsing argument
[2025-08-17 02:13:02Z INFO CommandLineParser] HasArgs: False
[2025-08-17 02:13:02Z INFO CommandLineParser] Adding Command: remove
[2025-08-17 02:13:02Z INFO Listener] Arguments parsed
[2025-08-17 02:13:02Z INFO Runner] ExecuteCommand
[2025-08-17 02:13:02Z INFO ConfigurationStore] currentAssemblyLocation: E:\Github\ProjectSoftware\actions-runner\actions-runner\bin\Runner.Listener.dll
[2025-08-17 02:13:02Z INFO HostContext] Well known directory 'Bin': 'E:\Github\ProjectSoftware\actions-runner\actions-runner\bin'
[2025-08-17 02:13:02Z INFO ConfigurationStore] binPath: E:\Github\ProjectSoftware\actions-runner\actions-runner\bin
[2025-08-17 02:13:02Z INFO HostContext] Well known directory 'Bin': 'E:\Github\ProjectSoftware\actions-runner\actions-runner\bin'
[2025-08-17 02:13:02Z INFO HostContext] Well known directory 'Root': 'E:\Github\ProjectSoftware\actions-runner\actions-runner'
[2025-08-17 02:13:02Z INFO ConfigurationStore] RootFolder: E:\Github\ProjectSoftware\actions-runner\actions-runner
[2025-08-17 02:13:02Z INFO HostContext] Well known directory 'Bin': 'E:\Github\ProjectSoftware\actions-runner\actions-runner\bin'
[2025-08-17 02:13:02Z INFO HostContext] Well known directory 'Root': 'E:\Github\ProjectSoftware\actions-runner\actions-runner'
[2025-08-17 02:13:02Z INFO HostContext] Well known config file 'Runner': 'E:\Github\ProjectSoftware\actions-runner\actions-runner\.runner'
[2025-08-17 02:13:02Z INFO ConfigurationStore] ConfigFilePath: E:\Github\ProjectSoftware\actions-runner\actions-runner\.runner
[2025-08-17 02:13:02Z INFO HostContext] Well known directory 'Bin': 'E:\Github\ProjectSoftware\actions-runner\actions-runner\bin'
[2025-08-17 02:13:02Z INFO HostContext] Well known directory 'Root': 'E:\Github\ProjectSoftware\actions-runner\actions-runner'
[2025-08-17 02:13:02Z INFO HostContext] Well known config file 'MigratedRunner': 'E:\Github\ProjectSoftware\actions-runner\actions-runner\.runner_migrated'
[2025-08-17 02:13:02Z INFO ConfigurationStore] MigratedConfigFilePath: E:\Github\ProjectSoftware\actions-runner\actions-runner\.runner_migrated
[2025-08-17 02:13:02Z INFO HostContext] Well known directory 'Bin': 'E:\Github\ProjectSoftware\actions-runner\actions-runner\bin'
[2025-08-17 02:13:02Z INFO HostContext] Well known directory 'Root': 'E:\Github\ProjectSoftware\actions-runner\actions-runner'
[2025-08-17 02:13:02Z INFO HostContext] Well known config file 'Credentials': 'E:\Github\ProjectSoftware\actions-runner\actions-runner\.credentials'
[2025-08-17 02:13:02Z INFO ConfigurationStore] CredFilePath: E:\Github\ProjectSoftware\actions-runner\actions-runner\.credentials
[2025-08-17 02:13:02Z INFO HostContext] Well known directory 'Bin': 'E:\Github\ProjectSoftware\actions-runner\actions-runner\bin'
[2025-08-17 02:13:02Z INFO HostContext] Well known directory 'Root': 'E:\Github\ProjectSoftware\actions-runner\actions-runner'
[2025-08-17 02:13:02Z INFO HostContext] Well known config file 'MigratedCredentials': 'E:\Github\ProjectSoftware\actions-runner\actions-runner\.credentials_migrated'
[2025-08-17 02:13:02Z INFO ConfigurationStore] MigratedCredFilePath: E:\Github\ProjectSoftware\actions-runner\actions-runner\.credentials_migrated
[2025-08-17 02:13:02Z INFO HostContext] Well known directory 'Bin': 'E:\Github\ProjectSoftware\actions-runner\actions-runner\bin'
[2025-08-17 02:13:02Z INFO HostContext] Well known directory 'Root': 'E:\Github\ProjectSoftware\actions-runner\actions-runner'
[2025-08-17 02:13:02Z INFO HostContext] Well known config file 'Service': 'E:\Github\ProjectSoftware\actions-runner\actions-runner\.service'
[2025-08-17 02:13:02Z INFO ConfigurationStore] ServiceConfigFilePath: E:\Github\ProjectSoftware\actions-runner\actions-runner\.service
[2025-08-17 02:13:02Z INFO CommandSettings] Flag 'help': 'False'
[2025-08-17 02:13:02Z INFO CommandSettings] Flag 'version': 'False'
[2025-08-17 02:13:02Z INFO CommandSettings] Flag 'commit': 'False'
[2025-08-17 02:13:02Z INFO CommandSettings] Flag 'check': 'False'
[2025-08-17 02:13:02Z INFO CommandSettings] Command 'configure': 'False'
[2025-08-17 02:13:02Z INFO CommandSettings] Command 'remove': 'True'
[2025-08-17 02:13:02Z INFO CommandSettings] Flag 'local': 'False'
[2025-08-17 02:13:02Z INFO ConfigurationStore] IsServiceConfigured()
[2025-08-17 02:13:02Z INFO ConfigurationStore] IsServiceConfigured: False
[2025-08-17 02:13:02Z INFO ConfigurationStore] IsConfigured()
[2025-08-17 02:13:02Z INFO ConfigurationStore] IsConfigured: False
[2025-08-17 02:13:02Z INFO ConfigurationStore] HasCredentials()
[2025-08-17 02:13:02Z INFO ConfigurationStore] stored False
[2025-08-17 02:13:02Z INFO Terminal] WRITE LINE: Cannot connect to server, because config files are missing. Skipping removing runner from the server.
[2025-08-17 02:13:02Z INFO ConfigurationStore] IsConfigured()
[2025-08-17 02:13:02Z INFO ConfigurationStore] IsConfigured: False
[2025-08-17 02:13:02Z INFO ConfigurationStore] HasCredentials()
[2025-08-17 02:13:02Z INFO ConfigurationStore] stored False
[2025-08-17 02:13:02Z INFO Terminal] WRITE LINE: Does not exist. Skipping Removing .credentials
[2025-08-17 02:13:02Z INFO Terminal] WRITE LINE: Does not exist. Skipping Removing .runner
[2025-08-17 02:13:02Z INFO Terminal] WRITE LINE: 
[2025-08-17 02:13:02Z INFO Listener] Runner execution has finished with return code 0
