[2025-08-17 01:17:16Z INFO HostContext] No proxy settings were found based on environmental variables (http_proxy/https_proxy/HTTP_PROXY/HTTPS_PROXY)
[2025-08-17 01:17:16Z INFO HostContext] Well known directory 'Bin': 'E:\Github\ProjectSoftware\actions-runner\bin'
[2025-08-17 01:17:16Z INFO HostContext] Well known directory 'Root': 'E:\Github\ProjectSoftware\actions-runner'
[2025-08-17 01:17:16Z INFO HostContext] Well known config file 'Credentials': 'E:\Github\ProjectSoftware\actions-runner\.credentials'
[2025-08-17 01:17:16Z INFO HostContext] Well known directory 'Bin': 'E:\Github\ProjectSoftware\actions-runner\bin'
[2025-08-17 01:17:16Z INFO HostContext] Well known directory 'Root': 'E:\Github\ProjectSoftware\actions-runner'
[2025-08-17 01:17:16Z INFO HostContext] Well known config file 'Runner': 'E:\Github\ProjectSoftware\actions-runner\.runner'
[2025-08-17 01:17:16Z INFO Listener] Runner is built for Windows (X64) - win-x64.
[2025-08-17 01:17:16Z INFO Listener] RuntimeInformation: Microsoft Windows 10.0.26100.
[2025-08-17 01:17:16Z INFO Listener] Version: 2.328.0
[2025-08-17 01:17:16Z INFO Listener] Commit: 6f9a9110adce65f44ca6f7c0ae142b9cc6af937b
[2025-08-17 01:17:16Z INFO Listener] Culture: en-AU
[2025-08-17 01:17:16Z INFO Listener] UI Culture: en-US
[2025-08-17 01:17:16Z INFO HostContext] Well known directory 'Bin': 'E:\Github\ProjectSoftware\actions-runner\bin'
[2025-08-17 01:17:16Z INFO HostContext] Well known directory 'Root': 'E:\Github\ProjectSoftware\actions-runner'
[2025-08-17 01:17:16Z INFO Listener] Validating directory permissions for: 'E:\Github\ProjectSoftware\actions-runner'
[2025-08-17 01:17:16Z INFO CommandLineParser] Parse
[2025-08-17 01:17:16Z INFO CommandLineParser] Parsing 5 args
[2025-08-17 01:17:16Z INFO CommandLineParser] parsing argument
[2025-08-17 01:17:16Z INFO CommandLineParser] HasArgs: False
[2025-08-17 01:17:16Z INFO CommandLineParser] Adding Command: configure
[2025-08-17 01:17:16Z INFO CommandLineParser] parsing argument
[2025-08-17 01:17:16Z INFO CommandLineParser] HasArgs: True
[2025-08-17 01:17:16Z INFO CommandLineParser] arg: url
[2025-08-17 01:17:16Z INFO CommandLineParser] parsing argument
[2025-08-17 01:17:16Z INFO CommandLineParser] HasArgs: True
[2025-08-17 01:17:16Z INFO CommandLineParser] Adding option 'url': 'https://github.com/ZihanRashid666/ProjectSoftware'
[2025-08-17 01:17:16Z INFO CommandLineParser] parsing argument
[2025-08-17 01:17:16Z INFO CommandLineParser] HasArgs: True
[2025-08-17 01:17:16Z INFO CommandLineParser] arg: token
[2025-08-17 01:17:16Z INFO CommandLineParser] parsing argument
[2025-08-17 01:17:16Z INFO CommandLineParser] HasArgs: True
[2025-08-17 01:17:16Z INFO CommandLineParser] Adding option 'token': '***'
[2025-08-17 01:17:16Z INFO Listener] Arguments parsed
[2025-08-17 01:17:16Z INFO Runner] ExecuteCommand
[2025-08-17 01:17:16Z INFO ConfigurationStore] currentAssemblyLocation: E:\Github\ProjectSoftware\actions-runner\bin\Runner.Listener.dll
[2025-08-17 01:17:16Z INFO HostContext] Well known directory 'Bin': 'E:\Github\ProjectSoftware\actions-runner\bin'
[2025-08-17 01:17:16Z INFO ConfigurationStore] binPath: E:\Github\ProjectSoftware\actions-runner\bin
[2025-08-17 01:17:16Z INFO HostContext] Well known directory 'Bin': 'E:\Github\ProjectSoftware\actions-runner\bin'
[2025-08-17 01:17:16Z INFO HostContext] Well known directory 'Root': 'E:\Github\ProjectSoftware\actions-runner'
[2025-08-17 01:17:16Z INFO ConfigurationStore] RootFolder: E:\Github\ProjectSoftware\actions-runner
[2025-08-17 01:17:16Z INFO HostContext] Well known directory 'Bin': 'E:\Github\ProjectSoftware\actions-runner\bin'
[2025-08-17 01:17:16Z INFO HostContext] Well known directory 'Root': 'E:\Github\ProjectSoftware\actions-runner'
[2025-08-17 01:17:16Z INFO HostContext] Well known config file 'Runner': 'E:\Github\ProjectSoftware\actions-runner\.runner'
[2025-08-17 01:17:16Z INFO ConfigurationStore] ConfigFilePath: E:\Github\ProjectSoftware\actions-runner\.runner
[2025-08-17 01:17:16Z INFO HostContext] Well known directory 'Bin': 'E:\Github\ProjectSoftware\actions-runner\bin'
[2025-08-17 01:17:16Z INFO HostContext] Well known directory 'Root': 'E:\Github\ProjectSoftware\actions-runner'
[2025-08-17 01:17:16Z INFO HostContext] Well known config file 'MigratedRunner': 'E:\Github\ProjectSoftware\actions-runner\.runner_migrated'
[2025-08-17 01:17:16Z INFO ConfigurationStore] MigratedConfigFilePath: E:\Github\ProjectSoftware\actions-runner\.runner_migrated
[2025-08-17 01:17:16Z INFO HostContext] Well known directory 'Bin': 'E:\Github\ProjectSoftware\actions-runner\bin'
[2025-08-17 01:17:16Z INFO HostContext] Well known directory 'Root': 'E:\Github\ProjectSoftware\actions-runner'
[2025-08-17 01:17:16Z INFO HostContext] Well known config file 'Credentials': 'E:\Github\ProjectSoftware\actions-runner\.credentials'
[2025-08-17 01:17:16Z INFO ConfigurationStore] CredFilePath: E:\Github\ProjectSoftware\actions-runner\.credentials
[2025-08-17 01:17:16Z INFO HostContext] Well known directory 'Bin': 'E:\Github\ProjectSoftware\actions-runner\bin'
[2025-08-17 01:17:16Z INFO HostContext] Well known directory 'Root': 'E:\Github\ProjectSoftware\actions-runner'
[2025-08-17 01:17:16Z INFO HostContext] Well known config file 'MigratedCredentials': 'E:\Github\ProjectSoftware\actions-runner\.credentials_migrated'
[2025-08-17 01:17:16Z INFO ConfigurationStore] MigratedCredFilePath: E:\Github\ProjectSoftware\actions-runner\.credentials_migrated
[2025-08-17 01:17:16Z INFO HostContext] Well known directory 'Bin': 'E:\Github\ProjectSoftware\actions-runner\bin'
[2025-08-17 01:17:16Z INFO HostContext] Well known directory 'Root': 'E:\Github\ProjectSoftware\actions-runner'
[2025-08-17 01:17:16Z INFO HostContext] Well known config file 'Service': 'E:\Github\ProjectSoftware\actions-runner\.service'
[2025-08-17 01:17:16Z INFO ConfigurationStore] ServiceConfigFilePath: E:\Github\ProjectSoftware\actions-runner\.service
[2025-08-17 01:17:16Z INFO CommandSettings] Flag 'help': 'False'
[2025-08-17 01:17:16Z INFO CommandSettings] Flag 'version': 'False'
[2025-08-17 01:17:16Z INFO CommandSettings] Flag 'commit': 'False'
[2025-08-17 01:17:16Z INFO CommandSettings] Flag 'check': 'False'
[2025-08-17 01:17:16Z INFO CommandSettings] Command 'configure': 'True'
[2025-08-17 01:17:16Z INFO Terminal] WRITE LINE: 
[2025-08-17 01:17:16Z INFO Terminal] WRITE LINE: --------------------------------------------------------------------------------
[2025-08-17 01:17:16Z INFO Terminal] WRITE LINE: |        ____ _ _   _   _       _          _        _   _                      |
[2025-08-17 01:17:16Z INFO Terminal] WRITE LINE: |       / ___(_) |_| | | |_   _| |__      / \   ___| |_(_) ___  _ __  ___      |
[2025-08-17 01:17:16Z INFO Terminal] WRITE LINE: |      | |  _| | __| |_| | | | | '_ \    / _ \ / __| __| |/ _ \| '_ \/ __|     |
[2025-08-17 01:17:16Z INFO Terminal] WRITE LINE: |      | |_| | | |_|  _  | |_| | |_) |  / ___ \ (__| |_| | (_) | | | \__ \     |
[2025-08-17 01:17:16Z INFO Terminal] WRITE LINE: |       \____|_|\__|_| |_|\__,_|_.__/  /_/   \_\___|\__|_|\___/|_| |_|___/     |
[2025-08-17 01:17:16Z INFO Terminal] WRITE LINE: |                                                                              |
[2025-08-17 01:17:16Z INFO Terminal] WRITE: |                       
[2025-08-17 01:17:16Z INFO Terminal] WRITE: Self-hosted runner registration
[2025-08-17 01:17:16Z INFO Terminal] WRITE LINE:                         |
[2025-08-17 01:17:16Z INFO Terminal] WRITE LINE: |                                                                              |
[2025-08-17 01:17:16Z INFO Terminal] WRITE LINE: --------------------------------------------------------------------------------
[2025-08-17 01:17:16Z INFO ConfigurationManager] ConfigureAsync
[2025-08-17 01:17:16Z INFO CommandSettings] Flag 'generateServiceConfig': 'False'
[2025-08-17 01:17:16Z INFO ConfigurationStore] IsConfigured()
[2025-08-17 01:17:16Z INFO ConfigurationStore] IsConfigured: False
[2025-08-17 01:17:16Z INFO ConfigurationManager] Is configured: False
[2025-08-17 01:17:16Z INFO CommandSettings] Arg 'url': 'https://github.com/ZihanRashid666/ProjectSoftware'
[2025-08-17 01:17:16Z INFO CommandSettings] Remove url from Arg dictionary.
[2025-08-17 01:17:16Z INFO CommandSettings] Arg 'token': '***'
[2025-08-17 01:17:16Z INFO CommandSettings] Remove token from Arg dictionary.
[2025-08-17 01:17:19Z INFO ConfigurationManager] Http response code: OK from 'POST https://api.github.com/actions/runner-registration' (C3B6:36FC94:873FCC:A7FF22:68A12D9D)
[2025-08-17 01:17:19Z INFO ConfigurationManager] Using V2 flow: False
[2025-08-17 01:17:19Z INFO ConfigurationManager] cred retrieved via GitHub auth
[2025-08-17 01:17:19Z INFO RunnerServer] EstablishVssConnection
[2025-08-17 01:17:19Z INFO RunnerServer] Establish connection with 100 seconds timeout.
[2025-08-17 01:17:19Z INFO GitHubActionsService] Starting operation Location.GetConnectionData
[2025-08-17 01:17:19Z INFO RunnerServer] EstablishVssConnection
[2025-08-17 01:17:19Z INFO RunnerServer] Establish connection with 60 seconds timeout.
[2025-08-17 01:17:19Z INFO GitHubActionsService] Starting operation Location.GetConnectionData
[2025-08-17 01:17:19Z INFO RunnerServer] EstablishVssConnection
[2025-08-17 01:17:19Z INFO RunnerServer] Establish connection with 60 seconds timeout.
[2025-08-17 01:17:19Z INFO GitHubActionsService] Starting operation Location.GetConnectionData
[2025-08-17 01:17:20Z INFO GitHubActionsService] Finished operation Location.GetConnectionData
[2025-08-17 01:17:20Z INFO GitHubActionsService] Finished operation Location.GetConnectionData
[2025-08-17 01:17:20Z INFO GitHubActionsService] Finished operation Location.GetConnectionData
[2025-08-17 01:17:21Z INFO Terminal] WRITE LINE: 
[2025-08-17 01:17:21Z INFO ConfigurationManager] Test Connection complete.
[2025-08-17 01:17:21Z INFO HostContext] Well known directory 'Bin': 'E:\Github\ProjectSoftware\actions-runner\bin'
[2025-08-17 01:17:21Z INFO HostContext] Well known directory 'Root': 'E:\Github\ProjectSoftware\actions-runner'
[2025-08-17 01:17:21Z INFO HostContext] Well known config file 'RSACredentials': 'E:\Github\ProjectSoftware\actions-runner\.credentials_rsaparams'
[2025-08-17 01:17:21Z INFO RSAEncryptedFileKeyManager] Creating new RSA key using 2048-bit key length
[2025-08-17 01:17:21Z INFO RSAEncryptedFileKeyManager] Successfully saved RSA key parameters to file E:\Github\ProjectSoftware\actions-runner\.credentials_rsaparams
[2025-08-17 01:17:21Z INFO CommandSettings] Arg 'runnergroup': ''
[2025-08-17 01:17:21Z INFO CommandSettings] Flag 'unattended': 'False'
[2025-08-17 01:17:21Z INFO PromptManager] ReadValue
[2025-08-17 01:17:21Z INFO Terminal] WRITE: Enter the name of the runner group to add this runner to: 
[2025-08-17 01:17:21Z INFO Terminal] WRITE: [press Enter for Default] 
[2025-08-17 01:17:21Z INFO Terminal] READ LINE
[2025-08-17 01:18:00Z INFO Terminal] Read value: 'self-hosted'
[2025-08-17 01:18:00Z INFO Terminal] WRITE LINE: 
[2025-08-17 01:18:00Z ERR  Runner] GitHub.DistributedTask.WebApi.TaskAgentPoolNotFoundException: Could not find any self-hosted runner group named "self-hosted".
   at GitHub.Runner.Listener.Configuration.ConfigurationManager.ConfigureAsync(CommandSettings command)
   at GitHub.Runner.Listener.Runner.ExecuteCommand(CommandSettings command)
[2025-08-17 01:18:00Z ERR  Terminal] WRITE ERROR: Could not find any self-hosted runner group named "self-hosted".
[2025-08-17 01:18:00Z INFO Listener] Runner execution has finished with return code 1
